<?xml version="1.0" encoding="UTF-8"?>
<!-- Generated by org.testng.reporters.JUnitReportReporter -->
<testsuite skipped="0" hostname="VAIO" name="comparePDF.ComparePDFcontent" tests="1" failures="0" timestamp="2020-07-15T17:37:32 IST" time="25.418" errors="0">
  <testcase name="ReadPDF" time="25.418" classname="comparePDF.ComparePDFcontent"/>
  <system-out/>
</testsuite> <!-- comparePDF.ComparePDFcontent -->
