<?xml version="1.0" encoding="UTF-8"?>
<!-- Generated by org.testng.reporters.JUnitReportReporter -->
<testsuite skipped="0" hostname="VAIO" name="testRunnerPack.LoginTest" tests="1" failures="0" timestamp="2020-07-05T12:57:16 IST" time="38.708" errors="0">
  <testcase name="validLoginPOM" time="38.708" classname="testRunnerPack.LoginTest"/>
  <system-out/>
</testsuite> <!-- testRunnerPack.LoginTest -->
