<?xml version="1.0" encoding="UTF-8"?>
<!-- Generated by org.testng.reporters.JUnitReportReporter -->
<testsuite skipped="0" hostname="VAIO" name="comparePDF.ComparePDFcontent" tests="1" failures="0" timestamp="2020-06-28T19:21:22 IST" time="1.255" errors="0">
  <testcase name="ReadPDF" time="1.255" classname="comparePDF.ComparePDFcontent"/>
  <system-out/>
</testsuite> <!-- comparePDF.ComparePDFcontent -->
